[27-Feb-2020 13:29:21 Asia/Bangkok] PHP Fatal error:  Uncaught Error: Call to undefined function get_lab_exam() in C:\wamp64\www\redcross_organ\form\export_donor_profile_pdf.php:172
Stack trace:
#0 {main}
  thrown in C:\wamp64\www\redcross_organ\form\export_donor_profile_pdf.php on line 172
[11-Jul-2020 19:14:26 Asia/Bangkok] PHP Warning:  Invalid argument supplied for foreach() in C:\wamp64\www\redcross_organ\form\export_donor_profile_pdf.php on line 1046
[11-Jul-2020 19:38:24 Asia/Bangkok] PHP Warning:  Invalid argument supplied for foreach() in C:\wamp64\www\redcross_organ\form\export_donor_profile_pdf.php on line 1046
[11-Jul-2020 19:44:33 Asia/Bangkok] PHP Warning:  Invalid argument supplied for foreach() in C:\wamp64\www\redcross_organ\form\export_donor_profile_file.php on line 1046
[22-Jul-2020 14:22:47 Asia/Bangkok] PHP Warning:  preg_match() expects parameter 2 to be string, resource given in C:\wamp64\www\redcross_organ\include\connect_db.php on line 101
[22-Jul-2020 14:22:47 Asia/Bangkok] PHP Warning:  preg_match() expects parameter 2 to be string, resource given in C:\wamp64\www\redcross_organ\include\connect_db.php on line 101
[22-Jul-2020 14:22:47 Asia/Bangkok] PHP Warning:  preg_match() expects parameter 2 to be string, resource given in C:\wamp64\www\redcross_organ\include\connect_db.php on line 101
[22-Jul-2020 14:22:47 Asia/Bangkok] PHP Warning:  oci_parse() expects parameter 2 to be string, resource given in C:\wamp64\www\redcross_organ\include\connect_db.php on line 148
[22-Jul-2020 14:22:47 Asia/Bangkok] PHP Warning:  ocierror() expects parameter 1 to be resource, null given in C:\wamp64\www\redcross_organ\include\connect_db.php on line 154
[22-Jul-2020 14:23:06 Asia/Bangkok] PHP Warning:  preg_match() expects parameter 2 to be string, resource given in C:\wamp64\www\redcross_organ\include\connect_db.php on line 101
[22-Jul-2020 14:23:06 Asia/Bangkok] PHP Warning:  preg_match() expects parameter 2 to be string, resource given in C:\wamp64\www\redcross_organ\include\connect_db.php on line 101
[22-Jul-2020 14:23:06 Asia/Bangkok] PHP Warning:  preg_match() expects parameter 2 to be string, resource given in C:\wamp64\www\redcross_organ\include\connect_db.php on line 101
[22-Jul-2020 14:23:06 Asia/Bangkok] PHP Warning:  oci_parse() expects parameter 2 to be string, resource given in C:\wamp64\www\redcross_organ\include\connect_db.php on line 148
[22-Jul-2020 14:23:06 Asia/Bangkok] PHP Warning:  ocierror() expects parameter 1 to be resource, null given in C:\wamp64\www\redcross_organ\include\connect_db.php on line 154
[17-Nov-2020 11:04:14 Asia/Bangkok] PHP Warning:  Invalid argument supplied for foreach() in C:\wamp64\www\redcross_organ\form\export_donor_profile_pdf.php on line 2573
[17-Nov-2020 11:04:18 Asia/Bangkok] PHP Warning:  Invalid argument supplied for foreach() in C:\wamp64\www\redcross_organ\form\export_donor_profile_pdf.php on line 2573
[17-Nov-2020 11:04:21 Asia/Bangkok] PHP Warning:  Invalid argument supplied for foreach() in C:\wamp64\www\redcross_organ\form\export_donor_profile_pdf.php on line 2573
[17-Nov-2020 11:04:43 Asia/Bangkok] PHP Warning:  Invalid argument supplied for foreach() in C:\wamp64\www\redcross_organ\form\export_donor_profile_pdf.php on line 2573
[17-Nov-2020 11:04:47 Asia/Bangkok] PHP Warning:  Invalid argument supplied for foreach() in C:\wamp64\www\redcross_organ\form\export_donor_profile_pdf.php on line 2573
[17-Nov-2020 11:04:49 Asia/Bangkok] PHP Warning:  Invalid argument supplied for foreach() in C:\wamp64\www\redcross_organ\form\export_donor_profile_pdf.php on line 2573
[17-Nov-2020 11:30:12 Asia/Bangkok] PHP Fatal error:  Uncaught Error: Cannot use [] for reading in C:\wamp64\www\redcross_organ\form\export_donor_profile_pdf.php:2577
Stack trace:
#0 {main}
  thrown in C:\wamp64\www\redcross_organ\form\export_donor_profile_pdf.php on line 2577
[17-Nov-2020 11:58:12 Asia/Bangkok] PHP Warning:  implode(): Invalid arguments passed in C:\wamp64\www\redcross_organ\form\export_donor_profile_pdf.php on line 2582
[17-Nov-2020 11:58:15 Asia/Bangkok] PHP Warning:  implode(): Invalid arguments passed in C:\wamp64\www\redcross_organ\form\export_donor_profile_pdf.php on line 2582
[17-Nov-2020 11:58:18 Asia/Bangkok] PHP Warning:  implode(): Invalid arguments passed in C:\wamp64\www\redcross_organ\form\export_donor_profile_pdf.php on line 2582
[17-Nov-2020 12:08:23 Asia/Bangkok] PHP Warning:  implode(): Invalid arguments passed in C:\wamp64\www\redcross_organ\form\export_donor_profile_pdf.php on line 2586
[17-Nov-2020 12:08:23 Asia/Bangkok] PHP Warning:  implode(): Invalid arguments passed in C:\wamp64\www\redcross_organ\form\export_donor_profile_pdf.php on line 2590
[17-Nov-2020 12:08:23 Asia/Bangkok] PHP Warning:  implode(): Invalid arguments passed in C:\wamp64\www\redcross_organ\form\export_donor_profile_pdf.php on line 2593
[17-Nov-2020 12:08:23 Asia/Bangkok] PHP Warning:  implode(): Invalid arguments passed in C:\wamp64\www\redcross_organ\form\export_donor_profile_pdf.php on line 2597
[17-Nov-2020 12:08:23 Asia/Bangkok] PHP Warning:  implode(): Invalid arguments passed in C:\wamp64\www\redcross_organ\form\export_donor_profile_pdf.php on line 2600
[17-Nov-2020 12:08:23 Asia/Bangkok] PHP Warning:  implode(): Invalid arguments passed in C:\wamp64\www\redcross_organ\form\export_donor_profile_pdf.php on line 2604
[17-Nov-2020 12:08:23 Asia/Bangkok] PHP Warning:  implode(): Invalid arguments passed in C:\wamp64\www\redcross_organ\form\export_donor_profile_pdf.php on line 2607
[17-Nov-2020 12:08:23 Asia/Bangkok] PHP Warning:  implode(): Invalid arguments passed in C:\wamp64\www\redcross_organ\form\export_donor_profile_pdf.php on line 2611
[17-Nov-2020 12:08:27 Asia/Bangkok] PHP Warning:  implode(): Invalid arguments passed in C:\wamp64\www\redcross_organ\form\export_donor_profile_pdf.php on line 2586
[17-Nov-2020 12:08:27 Asia/Bangkok] PHP Warning:  implode(): Invalid arguments passed in C:\wamp64\www\redcross_organ\form\export_donor_profile_pdf.php on line 2590
[17-Nov-2020 12:08:27 Asia/Bangkok] PHP Warning:  implode(): Invalid arguments passed in C:\wamp64\www\redcross_organ\form\export_donor_profile_pdf.php on line 2593
[17-Nov-2020 12:08:27 Asia/Bangkok] PHP Warning:  implode(): Invalid arguments passed in C:\wamp64\www\redcross_organ\form\export_donor_profile_pdf.php on line 2597
[17-Nov-2020 12:08:27 Asia/Bangkok] PHP Warning:  implode(): Invalid arguments passed in C:\wamp64\www\redcross_organ\form\export_donor_profile_pdf.php on line 2600
[17-Nov-2020 12:08:27 Asia/Bangkok] PHP Warning:  implode(): Invalid arguments passed in C:\wamp64\www\redcross_organ\form\export_donor_profile_pdf.php on line 2604
[17-Nov-2020 12:08:27 Asia/Bangkok] PHP Warning:  implode(): Invalid arguments passed in C:\wamp64\www\redcross_organ\form\export_donor_profile_pdf.php on line 2607
[17-Nov-2020 12:08:27 Asia/Bangkok] PHP Warning:  implode(): Invalid arguments passed in C:\wamp64\www\redcross_organ\form\export_donor_profile_pdf.php on line 2611
[17-Nov-2020 12:08:30 Asia/Bangkok] PHP Warning:  implode(): Invalid arguments passed in C:\wamp64\www\redcross_organ\form\export_donor_profile_pdf.php on line 2586
[17-Nov-2020 12:08:30 Asia/Bangkok] PHP Warning:  implode(): Invalid arguments passed in C:\wamp64\www\redcross_organ\form\export_donor_profile_pdf.php on line 2590
[17-Nov-2020 12:08:30 Asia/Bangkok] PHP Warning:  implode(): Invalid arguments passed in C:\wamp64\www\redcross_organ\form\export_donor_profile_pdf.php on line 2593
[17-Nov-2020 12:08:30 Asia/Bangkok] PHP Warning:  implode(): Invalid arguments passed in C:\wamp64\www\redcross_organ\form\export_donor_profile_pdf.php on line 2597
[17-Nov-2020 12:08:30 Asia/Bangkok] PHP Warning:  implode(): Invalid arguments passed in C:\wamp64\www\redcross_organ\form\export_donor_profile_pdf.php on line 2600
[17-Nov-2020 12:08:30 Asia/Bangkok] PHP Warning:  implode(): Invalid arguments passed in C:\wamp64\www\redcross_organ\form\export_donor_profile_pdf.php on line 2604
[17-Nov-2020 12:08:30 Asia/Bangkok] PHP Warning:  implode(): Invalid arguments passed in C:\wamp64\www\redcross_organ\form\export_donor_profile_pdf.php on line 2607
[17-Nov-2020 12:08:30 Asia/Bangkok] PHP Warning:  implode(): Invalid arguments passed in C:\wamp64\www\redcross_organ\form\export_donor_profile_pdf.php on line 2611
[17-Nov-2020 13:48:16 Asia/Bangkok] PHP Warning:  implode(): Invalid arguments passed in C:\wamp64\www\redcross_organ\form\export_donor_profile_pdf.php on line 2586
[17-Nov-2020 13:48:16 Asia/Bangkok] PHP Warning:  implode(): Invalid arguments passed in C:\wamp64\www\redcross_organ\form\export_donor_profile_pdf.php on line 2590
[17-Nov-2020 13:48:16 Asia/Bangkok] PHP Warning:  implode(): Invalid arguments passed in C:\wamp64\www\redcross_organ\form\export_donor_profile_pdf.php on line 2593
[17-Nov-2020 13:48:16 Asia/Bangkok] PHP Warning:  implode(): Invalid arguments passed in C:\wamp64\www\redcross_organ\form\export_donor_profile_pdf.php on line 2597
[17-Nov-2020 13:48:16 Asia/Bangkok] PHP Warning:  implode(): Invalid arguments passed in C:\wamp64\www\redcross_organ\form\export_donor_profile_pdf.php on line 2600
[17-Nov-2020 13:48:16 Asia/Bangkok] PHP Warning:  implode(): Invalid arguments passed in C:\wamp64\www\redcross_organ\form\export_donor_profile_pdf.php on line 2604
[17-Nov-2020 13:48:16 Asia/Bangkok] PHP Warning:  implode(): Invalid arguments passed in C:\wamp64\www\redcross_organ\form\export_donor_profile_pdf.php on line 2607
[17-Nov-2020 13:48:16 Asia/Bangkok] PHP Warning:  implode(): Invalid arguments passed in C:\wamp64\www\redcross_organ\form\export_donor_profile_pdf.php on line 2611
[17-Nov-2020 13:48:21 Asia/Bangkok] PHP Warning:  implode(): Invalid arguments passed in C:\wamp64\www\redcross_organ\form\export_donor_profile_pdf.php on line 2586
[17-Nov-2020 13:48:21 Asia/Bangkok] PHP Warning:  implode(): Invalid arguments passed in C:\wamp64\www\redcross_organ\form\export_donor_profile_pdf.php on line 2590
[17-Nov-2020 13:48:21 Asia/Bangkok] PHP Warning:  implode(): Invalid arguments passed in C:\wamp64\www\redcross_organ\form\export_donor_profile_pdf.php on line 2593
[17-Nov-2020 13:48:21 Asia/Bangkok] PHP Warning:  implode(): Invalid arguments passed in C:\wamp64\www\redcross_organ\form\export_donor_profile_pdf.php on line 2597
[17-Nov-2020 13:48:21 Asia/Bangkok] PHP Warning:  implode(): Invalid arguments passed in C:\wamp64\www\redcross_organ\form\export_donor_profile_pdf.php on line 2600
[17-Nov-2020 13:48:21 Asia/Bangkok] PHP Warning:  implode(): Invalid arguments passed in C:\wamp64\www\redcross_organ\form\export_donor_profile_pdf.php on line 2604
[17-Nov-2020 13:48:21 Asia/Bangkok] PHP Warning:  implode(): Invalid arguments passed in C:\wamp64\www\redcross_organ\form\export_donor_profile_pdf.php on line 2607
[17-Nov-2020 13:48:21 Asia/Bangkok] PHP Warning:  implode(): Invalid arguments passed in C:\wamp64\www\redcross_organ\form\export_donor_profile_pdf.php on line 2611
[17-Nov-2020 13:48:23 Asia/Bangkok] PHP Warning:  implode(): Invalid arguments passed in C:\wamp64\www\redcross_organ\form\export_donor_profile_pdf.php on line 2586
[17-Nov-2020 13:48:23 Asia/Bangkok] PHP Warning:  implode(): Invalid arguments passed in C:\wamp64\www\redcross_organ\form\export_donor_profile_pdf.php on line 2590
[17-Nov-2020 13:48:23 Asia/Bangkok] PHP Warning:  implode(): Invalid arguments passed in C:\wamp64\www\redcross_organ\form\export_donor_profile_pdf.php on line 2593
[17-Nov-2020 13:48:23 Asia/Bangkok] PHP Warning:  implode(): Invalid arguments passed in C:\wamp64\www\redcross_organ\form\export_donor_profile_pdf.php on line 2597
[17-Nov-2020 13:48:23 Asia/Bangkok] PHP Warning:  implode(): Invalid arguments passed in C:\wamp64\www\redcross_organ\form\export_donor_profile_pdf.php on line 2600
[17-Nov-2020 13:48:23 Asia/Bangkok] PHP Warning:  implode(): Invalid arguments passed in C:\wamp64\www\redcross_organ\form\export_donor_profile_pdf.php on line 2604
[17-Nov-2020 13:48:23 Asia/Bangkok] PHP Warning:  implode(): Invalid arguments passed in C:\wamp64\www\redcross_organ\form\export_donor_profile_pdf.php on line 2607
[17-Nov-2020 13:48:23 Asia/Bangkok] PHP Warning:  implode(): Invalid arguments passed in C:\wamp64\www\redcross_organ\form\export_donor_profile_pdf.php on line 2611
[18-Nov-2020 10:38:53 Asia/Bangkok] PHP Warning:  implode(): Invalid arguments passed in C:\wamp64\www\redcross_organ\form\export_donor_profile_pdf.php on line 2586
[18-Nov-2020 10:38:53 Asia/Bangkok] PHP Warning:  implode(): Invalid arguments passed in C:\wamp64\www\redcross_organ\form\export_donor_profile_pdf.php on line 2590
[18-Nov-2020 10:38:53 Asia/Bangkok] PHP Warning:  implode(): Invalid arguments passed in C:\wamp64\www\redcross_organ\form\export_donor_profile_pdf.php on line 2597
[18-Nov-2020 10:38:53 Asia/Bangkok] PHP Warning:  implode(): Invalid arguments passed in C:\wamp64\www\redcross_organ\form\export_donor_profile_pdf.php on line 2600
[18-Nov-2020 10:38:53 Asia/Bangkok] PHP Warning:  implode(): Invalid arguments passed in C:\wamp64\www\redcross_organ\form\export_donor_profile_pdf.php on line 2604
[18-Nov-2020 10:38:53 Asia/Bangkok] PHP Warning:  implode(): Invalid arguments passed in C:\wamp64\www\redcross_organ\form\export_donor_profile_pdf.php on line 2607
[18-Nov-2020 10:38:53 Asia/Bangkok] PHP Warning:  implode(): Invalid arguments passed in C:\wamp64\www\redcross_organ\form\export_donor_profile_pdf.php on line 2611
[18-Nov-2020 10:38:58 Asia/Bangkok] PHP Warning:  implode(): Invalid arguments passed in C:\wamp64\www\redcross_organ\form\export_donor_profile_pdf.php on line 2586
[18-Nov-2020 10:38:58 Asia/Bangkok] PHP Warning:  implode(): Invalid arguments passed in C:\wamp64\www\redcross_organ\form\export_donor_profile_pdf.php on line 2590
[18-Nov-2020 10:38:58 Asia/Bangkok] PHP Warning:  implode(): Invalid arguments passed in C:\wamp64\www\redcross_organ\form\export_donor_profile_pdf.php on line 2597
[18-Nov-2020 10:38:58 Asia/Bangkok] PHP Warning:  implode(): Invalid arguments passed in C:\wamp64\www\redcross_organ\form\export_donor_profile_pdf.php on line 2600
[18-Nov-2020 10:38:58 Asia/Bangkok] PHP Warning:  implode(): Invalid arguments passed in C:\wamp64\www\redcross_organ\form\export_donor_profile_pdf.php on line 2604
[18-Nov-2020 10:38:58 Asia/Bangkok] PHP Warning:  implode(): Invalid arguments passed in C:\wamp64\www\redcross_organ\form\export_donor_profile_pdf.php on line 2607
[18-Nov-2020 10:38:58 Asia/Bangkok] PHP Warning:  implode(): Invalid arguments passed in C:\wamp64\www\redcross_organ\form\export_donor_profile_pdf.php on line 2611
[18-Nov-2020 10:39:02 Asia/Bangkok] PHP Warning:  implode(): Invalid arguments passed in C:\wamp64\www\redcross_organ\form\export_donor_profile_pdf.php on line 2586
[18-Nov-2020 10:39:02 Asia/Bangkok] PHP Warning:  implode(): Invalid arguments passed in C:\wamp64\www\redcross_organ\form\export_donor_profile_pdf.php on line 2590
[18-Nov-2020 10:39:02 Asia/Bangkok] PHP Warning:  implode(): Invalid arguments passed in C:\wamp64\www\redcross_organ\form\export_donor_profile_pdf.php on line 2597
[18-Nov-2020 10:39:02 Asia/Bangkok] PHP Warning:  implode(): Invalid arguments passed in C:\wamp64\www\redcross_organ\form\export_donor_profile_pdf.php on line 2600
[18-Nov-2020 10:39:02 Asia/Bangkok] PHP Warning:  implode(): Invalid arguments passed in C:\wamp64\www\redcross_organ\form\export_donor_profile_pdf.php on line 2604
[18-Nov-2020 10:39:02 Asia/Bangkok] PHP Warning:  implode(): Invalid arguments passed in C:\wamp64\www\redcross_organ\form\export_donor_profile_pdf.php on line 2607
[18-Nov-2020 10:39:02 Asia/Bangkok] PHP Warning:  implode(): Invalid arguments passed in C:\wamp64\www\redcross_organ\form\export_donor_profile_pdf.php on line 2611
[18-Nov-2020 10:39:05 Asia/Bangkok] PHP Warning:  implode(): Invalid arguments passed in C:\wamp64\www\redcross_organ\form\export_donor_profile_pdf.php on line 2586
[18-Nov-2020 10:39:05 Asia/Bangkok] PHP Warning:  implode(): Invalid arguments passed in C:\wamp64\www\redcross_organ\form\export_donor_profile_pdf.php on line 2590
[18-Nov-2020 10:39:05 Asia/Bangkok] PHP Warning:  implode(): Invalid arguments passed in C:\wamp64\www\redcross_organ\form\export_donor_profile_pdf.php on line 2597
[18-Nov-2020 10:39:05 Asia/Bangkok] PHP Warning:  implode(): Invalid arguments passed in C:\wamp64\www\redcross_organ\form\export_donor_profile_pdf.php on line 2600
[18-Nov-2020 10:39:05 Asia/Bangkok] PHP Warning:  implode(): Invalid arguments passed in C:\wamp64\www\redcross_organ\form\export_donor_profile_pdf.php on line 2604
[18-Nov-2020 10:39:05 Asia/Bangkok] PHP Warning:  implode(): Invalid arguments passed in C:\wamp64\www\redcross_organ\form\export_donor_profile_pdf.php on line 2607
[18-Nov-2020 10:39:05 Asia/Bangkok] PHP Warning:  implode(): Invalid arguments passed in C:\wamp64\www\redcross_organ\form\export_donor_profile_pdf.php on line 2611
[22-Apr-2021 11:34:25 Asia/Bangkok] PHP Warning:  implode(): Invalid arguments passed in C:\wamp64\www\redcross_organ\form\export_donor_profile_pdf.php on line 2583
[22-Apr-2021 11:34:25 Asia/Bangkok] PHP Warning:  implode(): Invalid arguments passed in C:\wamp64\www\redcross_organ\form\export_donor_profile_pdf.php on line 2586
[22-Apr-2021 11:34:25 Asia/Bangkok] PHP Warning:  implode(): Invalid arguments passed in C:\wamp64\www\redcross_organ\form\export_donor_profile_pdf.php on line 2590
[22-Apr-2021 11:34:25 Asia/Bangkok] PHP Warning:  implode(): Invalid arguments passed in C:\wamp64\www\redcross_organ\form\export_donor_profile_pdf.php on line 2593
[22-Apr-2021 11:34:25 Asia/Bangkok] PHP Warning:  implode(): Invalid arguments passed in C:\wamp64\www\redcross_organ\form\export_donor_profile_pdf.php on line 2597
[22-Apr-2021 11:34:25 Asia/Bangkok] PHP Warning:  implode(): Invalid arguments passed in C:\wamp64\www\redcross_organ\form\export_donor_profile_pdf.php on line 2600
[22-Apr-2021 11:34:25 Asia/Bangkok] PHP Warning:  implode(): Invalid arguments passed in C:\wamp64\www\redcross_organ\form\export_donor_profile_pdf.php on line 2604
[22-Apr-2021 11:34:25 Asia/Bangkok] PHP Warning:  implode(): Invalid arguments passed in C:\wamp64\www\redcross_organ\form\export_donor_profile_pdf.php on line 2607
[22-Apr-2021 11:34:25 Asia/Bangkok] PHP Warning:  implode(): Invalid arguments passed in C:\wamp64\www\redcross_organ\form\export_donor_profile_pdf.php on line 2611
[22-Apr-2021 11:48:09 Asia/Bangkok] PHP Warning:  implode(): Invalid arguments passed in C:\wamp64\www\redcross_organ\form\export_donor_profile_pdf.php on line 2583
[22-Apr-2021 11:48:09 Asia/Bangkok] PHP Warning:  implode(): Invalid arguments passed in C:\wamp64\www\redcross_organ\form\export_donor_profile_pdf.php on line 2586
[22-Apr-2021 11:48:09 Asia/Bangkok] PHP Warning:  implode(): Invalid arguments passed in C:\wamp64\www\redcross_organ\form\export_donor_profile_pdf.php on line 2590
[22-Apr-2021 11:48:09 Asia/Bangkok] PHP Warning:  implode(): Invalid arguments passed in C:\wamp64\www\redcross_organ\form\export_donor_profile_pdf.php on line 2593
[22-Apr-2021 11:48:09 Asia/Bangkok] PHP Warning:  implode(): Invalid arguments passed in C:\wamp64\www\redcross_organ\form\export_donor_profile_pdf.php on line 2597
[22-Apr-2021 11:48:09 Asia/Bangkok] PHP Warning:  implode(): Invalid arguments passed in C:\wamp64\www\redcross_organ\form\export_donor_profile_pdf.php on line 2600
[22-Apr-2021 11:48:09 Asia/Bangkok] PHP Warning:  implode(): Invalid arguments passed in C:\wamp64\www\redcross_organ\form\export_donor_profile_pdf.php on line 2604
[22-Apr-2021 11:48:09 Asia/Bangkok] PHP Warning:  implode(): Invalid arguments passed in C:\wamp64\www\redcross_organ\form\export_donor_profile_pdf.php on line 2607
[22-Apr-2021 11:48:09 Asia/Bangkok] PHP Warning:  implode(): Invalid arguments passed in C:\wamp64\www\redcross_organ\form\export_donor_profile_pdf.php on line 2611
[29-Apr-2021 11:53:55 Asia/Bangkok] PHP Warning:  implode(): Invalid arguments passed in C:\wamp64\www\redcross_organ\form\export_donor_profile_pdf.php on line 2583
[29-Apr-2021 11:53:55 Asia/Bangkok] PHP Warning:  implode(): Invalid arguments passed in C:\wamp64\www\redcross_organ\form\export_donor_profile_pdf.php on line 2586
[29-Apr-2021 11:53:55 Asia/Bangkok] PHP Warning:  implode(): Invalid arguments passed in C:\wamp64\www\redcross_organ\form\export_donor_profile_pdf.php on line 2590
[29-Apr-2021 11:53:55 Asia/Bangkok] PHP Warning:  implode(): Invalid arguments passed in C:\wamp64\www\redcross_organ\form\export_donor_profile_pdf.php on line 2593
[29-Apr-2021 11:53:55 Asia/Bangkok] PHP Warning:  implode(): Invalid arguments passed in C:\wamp64\www\redcross_organ\form\export_donor_profile_pdf.php on line 2597
[29-Apr-2021 11:53:55 Asia/Bangkok] PHP Warning:  implode(): Invalid arguments passed in C:\wamp64\www\redcross_organ\form\export_donor_profile_pdf.php on line 2600
[29-Apr-2021 11:53:55 Asia/Bangkok] PHP Warning:  implode(): Invalid arguments passed in C:\wamp64\www\redcross_organ\form\export_donor_profile_pdf.php on line 2604
[29-Apr-2021 11:53:55 Asia/Bangkok] PHP Warning:  implode(): Invalid arguments passed in C:\wamp64\www\redcross_organ\form\export_donor_profile_pdf.php on line 2607
[29-Apr-2021 11:53:55 Asia/Bangkok] PHP Warning:  implode(): Invalid arguments passed in C:\wamp64\www\redcross_organ\form\export_donor_profile_pdf.php on line 2611
